<?xml version="1.0" encoding="UTF-8"?>
<testsuite name="stqa.pft.sandbox.tests.GroupCreationTests" tests="1" skipped="0" failures="0" errors="0" timestamp="2017-10-25T20:46:09" hostname="ABUCHYNSKYI-N" time="5.482">
  <properties/>
  <testcase name="testGroupCreation" classname="stqa.pft.sandbox.tests.GroupCreationTests" time="5.482"/>
  <system-out><![CDATA[]]></system-out>
  <system-err><![CDATA[]]></system-err>
</testsuite>
